0 info it worked if it ends with ok
1 verbose cli [ 'C:\\Program Files\\nodejs\\node.exe',
1 verbose cli   'C:\\Program Files\\nodejs\\node_modules\\npm\\bin\\npm-cli.js',
1 verbose cli   'run',
1 verbose cli   'build' ]
2 info using npm@3.10.10
3 info using node@v6.11.0
4 verbose run-script [ 'prebuild', 'build', 'postbuild' ]
5 info lifecycle e-binaria.dna@1.0.0~prebuild: e-binaria.dna@1.0.0
6 silly lifecycle e-binaria.dna@1.0.0~prebuild: no script for prebuild, continuing
7 info lifecycle e-binaria.dna@1.0.0~build: e-binaria.dna@1.0.0
8 verbose lifecycle e-binaria.dna@1.0.0~build: unsafe-perm in lifecycle true
9 verbose lifecycle e-binaria.dna@1.0.0~build: PATH: C:\Users\Gabriela\AppData\Roaming\nvm\v6.11.0\node_modules\npm\bin\node-gyp-bin;C:\xampp\htdocs\juzgado\node_modules\.bin;C:\ProgramData\Oracle\Java\javapath;C:\Program Files\Common Files\Microsoft Shared\Windows Live;C:\windows\system32;C:\windows;C:\windows\System32\Wbem;C:\windows\System32\WindowsPowerShell\v1.0\;C:\Program Files\Windows Live\Shared;C:\Users\Gabriela\AppData\Local\Smartbar\Application\;C:\LINGO13\;C:\Program Files\IBM\Bluemix\bin;C:\Program Files\Git\cmd;C:\ProgramData\ComposerSetup\bin;C:\Program Files\NetBeans 6.9\bin;C:\mongodb-2.6.7\bin;C:\Users\Gabriela\AppData\Roaming\nvm;C:\Program Files\nodejs;C:\Program Files\AndroidSDK\tools;C:\Program Files\AndroidSDK\platforms-tools;C:\xampp\php;C:\Program Files\gradle-4.4.1\bin;C:\Users\Gabriela\AppData\Roaming\npm;C:\Users\Gabriela\AppData\Roaming\Composer\vendor\bin;C:\mongodb 3.2.16\bin
10 verbose lifecycle e-binaria.dna@1.0.0~build: CWD: C:\xampp\htdocs\juzgado
11 silly lifecycle e-binaria.dna@1.0.0~build: Args: [ '/d /s /c', 'webpack --display-modules' ]
12 silly lifecycle e-binaria.dna@1.0.0~build: Returned: code: 1  signal: null
13 info lifecycle e-binaria.dna@1.0.0~build: Failed to exec build script
14 verbose stack Error: e-binaria.dna@1.0.0 build: `webpack --display-modules`
14 verbose stack Exit status 1
14 verbose stack     at EventEmitter.<anonymous> (C:\Users\Gabriela\AppData\Roaming\nvm\v6.11.0\node_modules\npm\lib\utils\lifecycle.js:255:16)
14 verbose stack     at emitTwo (events.js:106:13)
14 verbose stack     at EventEmitter.emit (events.js:191:7)
14 verbose stack     at ChildProcess.<anonymous> (C:\Users\Gabriela\AppData\Roaming\nvm\v6.11.0\node_modules\npm\lib\utils\spawn.js:40:14)
14 verbose stack     at emitTwo (events.js:106:13)
14 verbose stack     at ChildProcess.emit (events.js:191:7)
14 verbose stack     at maybeClose (internal/child_process.js:891:16)
14 verbose stack     at Process.ChildProcess._handle.onexit (internal/child_process.js:226:5)
15 verbose pkgid e-binaria.dna@1.0.0
16 verbose cwd C:\xampp\htdocs\juzgado
17 error Windows_NT 6.1.7601
18 error argv "C:\\Program Files\\nodejs\\node.exe" "C:\\Program Files\\nodejs\\node_modules\\npm\\bin\\npm-cli.js" "run" "build"
19 error node v6.11.0
20 error npm  v3.10.10
21 error code ELIFECYCLE
22 error e-binaria.dna@1.0.0 build: `webpack --display-modules`
22 error Exit status 1
23 error Failed at the e-binaria.dna@1.0.0 build script 'webpack --display-modules'.
23 error Make sure you have the latest version of node.js and npm installed.
23 error If you do, this is most likely a problem with the e-binaria.dna package,
23 error not with npm itself.
23 error Tell the author that this fails on your system:
23 error     webpack --display-modules
23 error You can get information on how to open an issue for this project with:
23 error     npm bugs e-binaria.dna
23 error Or if that isn't available, you can get their info via:
23 error     npm owner ls e-binaria.dna
23 error There is likely additional logging output above.
24 verbose exit [ 1, true ]
